Arguments: 
  C:\Program Files\nodejs\node.exe C:\Users\BAMAI\AppData\Roaming\npm\node_modules\yarn\bin\yarn.js add express mongoose jsonwebtoken bcrypt

PATH: 
  C:\Program Files (x86)\Microsoft SDKs\Azure\CLI2\wbin;C:\ProgramData\Anaconda3;C:\ProgramData\Anaconda3\Library\mingw-w64\bin;C:\ProgramData\Anaconda3\Library\usr\bin;C:\ProgramData\Anaconda3\Library\bin;C:\ProgramData\Anaconda3\Scripts;C:\Program Files (x86)\Intel\TXE Components\iCLS\;C:\Program Files\Intel\TXE Components\iCLS\;C:\WINDOWS\system32;C:\WINDOWS;C:\WINDOWS\System32\Wbem;C:\WINDOWS\System32\WindowsPowerShell\v1.0\;C:\WINDOWS\System32\OpenSSH\;C:\Program Files\Intel\TXE Components\DAL\;C:\Program Files (x86)\Intel\TXE Components\DAL\;C:\Program Files\Intel\TXE Components\IPT\;C:\Program Files (x86)\Intel\TXE Components\IPT\;C:\Go\bin;C:\Program Files\nodejs\;C:\Program Files\Git\cmd;C:\Program Files\MySQL\MySQL Server 8.0\bin;C:\Users\BAMAI\mongodb\mongodb\bin;C:\Users\BAMAI\AppData\Local\Microsoft\WindowsApps;C:\Program Files\JetBrains\IntelliJ IDEA Community Edition 2020.1.2\bin;;C:\Users\BAMAI\AppData\Local\Programs\Microsoft VS Code\bin;C:\Program Files\JetBrains\IntelliJ IDEA 2020.1\bin;;C:\src\flutter\bin;C:\Program Files\JetBrains\PyCharm Community Edition 2020.1.2\bin;;C:\Program Files\heroku\bin;C:\flutter\bin;C:\Users\BAMAI\go\bin;C:\Users\BAMAI\AppData\Roaming\npm

Yarn version: 
  1.22.11

Node version: 
  14.17.0

Platform: 
  win32 x64

Trace: 
  Error: getaddrinfo ENOTFOUND registry.yarnpkg.com
      at GetAddrInfoReqWrap.onlookup [as oncomplete] (dns.js:67:26)

npm manifest: 
  {
    "name": "cm-system",
    "version": "1.0.0",
    "description": "",
    "main": "server.ts",
    "scripts": {
      "dev": "env-cmd -f ./config/dev.env nodemon ./src/server.ts",
      "build": "rimraf ./build && tsc",
      "start": "npm run build && node build/server.js"
    },
    "author": "Chiemekam Anyanwu-Ebere",
    "license": "ISC",
    "devDependencies": {
      "@types/express": "^4.17.13",
      "@types/node": "^16.9.1",
      "env-cmd": "^10.1.0",
      "nodemon": "^2.0.12",
      "rimraf": "^3.0.2",
      "ts-node": "^10.2.1",
      "typescript": "^4.4.3"
    },
    "dependencies": {
      "express": "^4.17.1"
    }
  }

yarn manifest: 
  No manifest

Lockfile: 
  No lockfile
